Arguments: 
  /usr/local/Cellar/node/14.7.0/bin/node /usr/local/bin/yarn add avored-tailwind-css-vue3-components

PATH: 
  /usr/local/bin:/usr/bin:/bin:/usr/sbin:/sbin:/usr/local/go/bin:/usr/local/share/dotnet:~/.dotnet/tools:/Library/Apple/usr/bin:/Library/Frameworks/Mono.framework/Versions/Current/Commands:/Users/purvesh/.composer/vendor/bin:/Users/purvesh/go/bin

Yarn version: 
  1.22.4

Node version: 
  14.7.0

Platform: 
  darwin x64

Trace: 
  Error: https://registry.yarnpkg.com/avored-tailwind-css-vue3-components: Not found
      at Request.params.callback [as _callback] (/Users/purvesh/.config/yarn/global/node_modules/yarn/lib/cli.js:66987:18)
      at Request.self.callback (/Users/purvesh/.config/yarn/global/node_modules/yarn/lib/cli.js:140748:22)
      at Request.emit (events.js:314:20)
      at Request.<anonymous> (/Users/purvesh/.config/yarn/global/node_modules/yarn/lib/cli.js:141720:10)
      at Request.emit (events.js:314:20)
      at IncomingMessage.<anonymous> (/Users/purvesh/.config/yarn/global/node_modules/yarn/lib/cli.js:141642:12)
      at Object.onceWrapper (events.js:420:28)
      at IncomingMessage.emit (events.js:326:22)
      at endReadableNT (_stream_readable.js:1244:12)
      at processTicksAndRejections (internal/process/task_queues.js:80:21)

npm manifest: 
  {
    "name": "@avored/framework",
    "version": "1.0.0",
    "repository": "https://www.github.com/avored/framework",
    "author": "Purvesh <purvesh.patel@digistorm.com>",
    "license": "MIT",
    "private": true,
    "scripts": {
      "dev": "npm run development",
      "development": "cross-env NODE_ENV=development node_modules/webpack/bin/webpack.js --progress --hide-modules --config=node_modules/laravel-mix/setup/webpack.config.js",
      "watch": "npm run development -- --watch",
      "watch-poll": "npm run watch -- --watch-poll",
      "prod": "npm run production",
      "production": "cross-env NODE_ENV=production node_modules/webpack/bin/webpack.js --no-progress --hide-modules --config=node_modules/laravel-mix/setup/webpack.config.js",
      "hot": "cross-env NODE_ENV=development node_modules/webpack-dev-server/bin/webpack-dev-server.js --inline --hot --https --key ~/.config/valet/Certificates/laravel-ecommerce.test.key --cert ~/.config/valet/Certificates/laravel-ecommerce.test.crt --config=node_modules/laravel-mix/setup/webpack.config.js"
    },
    "dependencies": {
      "avored-components": "^0.1",
      "axios": "^0.19.2",
      "chart.js": "^2.9.3",
      "chartjs": "^0.3.24",
      "cross-env": "^7.0.2",
      "laravel-mix": "^5.0.4",
      "laravel-mix-alias": "^1.0.2",
      "lodash": "^4.17.19",
      "sass": "^1.26.10",
      "sass-loader": "^9.0.3",
      "tailwindcss": "^1.8.10",
      "vddl": "^0.7.1",
      "vue": "^2.6.11",
      "vue-chartjs": "^3.5.1",
      "vue-easymde": "^1.3.0",
      "vue-i18n": "^8.18.2",
      "vue-router": "^3.3.4",
      "vue-template-compiler": "^2.6.11",
      "vue-zondicons": "^0.1.10",
      "vuex": "^3.5.1"
    }
  }

yarn manifest: 
  No manifest

Lockfile: 
  
